Training Starts
Training Starts
Iter 1 of 40 loss 1.4758, Img 0.0770,  Label 0.212215, Reg: 0.000000, SegX: 0.459267,SegY: 0.438114
Iter 2 of 40 loss 1.1616, Img 0.0972,  Label 0.112860, Reg: 0.000196, SegX: 0.378563,SegY: 0.359274
Iter 3 of 40 loss 1.4948, Img 0.1011,  Label 0.202789, Reg: 0.000206, SegX: 0.453303,SegY: 0.431729
Iter 4 of 40 loss 1.2608, Img 0.0525,  Label 0.155563, Reg: 0.000516, SegX: 0.423667,SegY: 0.412666
Training Starts
Iter 1 of 40 loss 1.4758, Img 0.0770,  Label 0.212215, Reg: 0.000000, SegX: 0.459267,SegY: 0.438114
Iter 2 of 40 loss 1.1616, Img 0.0972,  Label 0.112860, Reg: 0.000196, SegX: 0.378563,SegY: 0.359274
Iter 3 of 40 loss 1.4948, Img 0.1011,  Label 0.202794, Reg: 0.000206, SegX: 0.453302,SegY: 0.431729
Iter 4 of 40 loss 1.2608, Img 0.0525,  Label 0.155560, Reg: 0.000516, SegX: 0.423666,SegY: 0.412666
Iter 5 of 40 loss 1.2612, Img 0.0632,  Label 0.169623, Reg: 0.000627, SegX: 0.405349,SegY: 0.389826
Iter 6 of 40 loss 1.6635, Img 0.0886,  Label 0.289318, Reg: 0.001102, SegX: 0.465036,SegY: 0.428341
Iter 7 of 40 loss 1.2745, Img 0.0605,  Label 0.174321, Reg: 0.002645, SegX: 0.403732,SegY: 0.381514
Iter 8 of 40 loss 1.3873, Img 0.0969,  Label 0.207898, Reg: 0.004123, SegX: 0.381169,SegY: 0.376373
Iter 9 of 40 loss 1.2478, Img 0.0643,  Label 0.251404, Reg: 0.004286, SegX: 0.293337,SegY: 0.298270
Iter 10 of 40 loss 1.1818, Img 0.0619,  Label 0.146894, Reg: 0.005101, SegX: 0.375890,SegY: 0.360292
Iter 11 of 40 loss 1.4538, Img 0.1117,  Label 0.197609, Reg: 0.004648, SegX: 0.406324,SegY: 0.410638
Iter 12 of 40 loss 1.0574, Img 0.0680,  Label 0.128841, Reg: 0.006249, SegX: 0.319801,SegY: 0.315659
Iter 13 of 40 loss 1.4335, Img 0.0488,  Label 0.217739, Reg: 0.008109, SegX: 0.442593,SegY: 0.413699
Iter 14 of 40 loss 1.1987, Img 0.0547,  Label 0.178291, Reg: 0.009119, SegX: 0.370433,SegY: 0.374653
Iter 15 of 40 loss 1.1821, Img 0.0610,  Label 0.151802, Reg: 0.008905, SegX: 0.378492,SegY: 0.355800
Iter 16 of 40 loss 1.1127, Img 0.0880,  Label 0.114902, Reg: 0.007177, SegX: 0.353159,SegY: 0.332601
Iter 17 of 40 loss 1.1618, Img 0.0811,  Label 0.126259, Reg: 0.005985, SegX: 0.368806,SegY: 0.348878
Iter 18 of 40 loss 1.2669, Img 0.0826,  Label 0.162500, Reg: 0.007515, SegX: 0.382199,SegY: 0.366915
Iter 19 of 40 loss 1.0483, Img 0.0743,  Label 0.110458, Reg: 0.006425, SegX: 0.332496,SegY: 0.330195
Iter 20 of 40 loss 1.5885, Img 0.1343,  Label 0.265346, Reg: 0.006946, SegX: 0.382811,SegY: 0.376060
Iter 21 of 40 loss 1.0940, Img 0.0658,  Label 0.100878, Reg: 0.005914, SegX: 0.375353,SegY: 0.352721
Iter 22 of 40 loss 1.2545, Img 0.0836,  Label 0.151618, Reg: 0.006230, SegX: 0.384406,SegY: 0.380376
Iter 23 of 40 loss 1.1060, Img 0.0546,  Label 0.144761, Reg: 0.007254, SegX: 0.356574,SegY: 0.336319
Iter 24 of 40 loss 1.2215, Img 0.0622,  Label 0.144018, Reg: 0.007691, SegX: 0.407394,SegY: 0.404247
Iter 25 of 40 loss 0.9079, Img 0.0492,  Label 0.093936, Reg: 0.008552, SegX: 0.279672,SegY: 0.291318
Iter 26 of 40 loss 1.2135, Img 0.0725,  Label 0.171184, Reg: 0.007063, SegX: 0.357244,SegY: 0.353954
Iter 27 of 40 loss 1.3257, Img 0.0631,  Label 0.182886, Reg: 0.007620, SegX: 0.401957,SegY: 0.395767
Iter 28 of 40 loss 1.2874, Img 0.0893,  Label 0.157850, Reg: 0.007408, SegX: 0.381819,SegY: 0.368331
Iter 29 of 40 loss 1.4476, Img 0.1229,  Label 0.227266, Reg: 0.008015, SegX: 0.346471,SegY: 0.349326
Iter 30 of 40 loss 0.9222, Img 0.0617,  Label 0.118682, Reg: 0.007902, SegX: 0.281320,SegY: 0.274014
Iter 31 of 40 loss 1.1764, Img 0.1045,  Label 0.180025, Reg: 0.008695, SegX: 0.298440,SegY: 0.272892
Training Starts
Iter 1 of 40 loss 1.4758, Img 0.0770,  Label 0.212215, Reg: 0.000000, SegX: 0.459267,SegY: 0.438114
Iter 2 of 40 loss 1.1616, Img 0.0972,  Label 0.112860, Reg: 0.000196, SegX: 0.378563,SegY: 0.359274
Iter 3 of 40 loss 1.4948, Img 0.1011,  Label 0.202795, Reg: 0.000206, SegX: 0.453303,SegY: 0.431729
Iter 4 of 40 loss 1.2609, Img 0.0525,  Label 0.155573, Reg: 0.000516, SegX: 0.423667,SegY: 0.412667
Iter 5 of 40 loss 1.2612, Img 0.0632,  Label 0.169590, Reg: 0.000627, SegX: 0.405349,SegY: 0.389826
Iter 6 of 40 loss 1.6634, Img 0.0886,  Label 0.289227, Reg: 0.001104, SegX: 0.465035,SegY: 0.428340
Iter 7 of 40 loss 1.2745, Img 0.0605,  Label 0.174323, Reg: 0.002650, SegX: 0.403733,SegY: 0.381512
Iter 8 of 40 loss 1.3876, Img 0.0969,  Label 0.207983, Reg: 0.004131, SegX: 0.381172,SegY: 0.376370
Iter 9 of 40 loss 1.2479, Img 0.0642,  Label 0.251447, Reg: 0.004294, SegX: 0.293338,SegY: 0.298267
Iter 10 of 40 loss 1.1822, Img 0.0619,  Label 0.147037, Reg: 0.005100, SegX: 0.375890,SegY: 0.360292
Iter 11 of 40 loss 1.4538, Img 0.1117,  Label 0.197654, Reg: 0.004645, SegX: 0.406329,SegY: 0.410637
Iter 12 of 40 loss 1.0577, Img 0.0680,  Label 0.128905, Reg: 0.006253, SegX: 0.319802,SegY: 0.315660
Iter 13 of 40 loss 1.4335, Img 0.0488,  Label 0.217722, Reg: 0.008128, SegX: 0.442589,SegY: 0.413690
Iter 14 of 40 loss 1.1992, Img 0.0547,  Label 0.178601, Reg: 0.009153, SegX: 0.370420,SegY: 0.374638
Iter 15 of 40 loss 1.1823, Img 0.0610,  Label 0.152032, Reg: 0.008897, SegX: 0.378485,SegY: 0.355790
Iter 16 of 40 loss 1.1128, Img 0.0879,  Label 0.115032, Reg: 0.007198, SegX: 0.353137,SegY: 0.332588
Iter 17 of 40 loss 1.1614, Img 0.0812,  Label 0.126059, Reg: 0.005984, SegX: 0.368775,SegY: 0.348851
Iter 18 of 40 loss 1.2662, Img 0.0825,  Label 0.162164, Reg: 0.007518, SegX: 0.382191,SegY: 0.366883
Iter 19 of 40 loss 1.0477, Img 0.0743,  Label 0.110284, Reg: 0.006445, SegX: 0.332449,SegY: 0.330153
Iter 20 of 40 loss 1.5866, Img 0.1342,  Label 0.264416, Reg: 0.006946, SegX: 0.382799,SegY: 0.376043
Iter 21 of 40 loss 1.0940, Img 0.0656,  Label 0.100805, Reg: 0.005950, SegX: 0.375374,SegY: 0.352708
Iter 22 of 40 loss 1.2535, Img 0.0834,  Label 0.151017, Reg: 0.006289, SegX: 0.384417,SegY: 0.380347
Iter 23 of 40 loss 1.1065, Img 0.0545,  Label 0.144784, Reg: 0.007417, SegX: 0.356649,SegY: 0.336385
Iter 24 of 40 loss 1.2227, Img 0.0624,  Label 0.144957, Reg: 0.007914, SegX: 0.407421,SegY: 0.404251
Iter 25 of 40 loss 0.9089, Img 0.0491,  Label 0.094058, Reg: 0.008647, SegX: 0.279808,SegY: 0.291361
Iter 26 of 40 loss 1.2138, Img 0.0726,  Label 0.170997, Reg: 0.007149, SegX: 0.357266,SegY: 0.353941
Iter 27 of 40 loss 1.3252, Img 0.0630,  Label 0.183168, Reg: 0.007593, SegX: 0.401936,SegY: 0.395737
Iter 28 of 40 loss 1.2895, Img 0.0893,  Label 0.159759, Reg: 0.007299, SegX: 0.381871,SegY: 0.368383
Iter 29 of 40 loss 1.4446, Img 0.1228,  Label 0.225067, Reg: 0.007929, SegX: 0.346442,SegY: 0.349200
Iter 30 of 40 loss 0.9211, Img 0.0617,  Label 0.117845, Reg: 0.007777, SegX: 0.281408,SegY: 0.273919
Iter 31 of 40 loss 1.1771, Img 0.1046,  Label 0.180465, Reg: 0.008471, SegX: 0.298420,SegY: 0.272681
Iter 32 of 40 loss 1.3312, Img 0.0730,  Label 0.181306, Reg: 0.008715, SegX: 0.398853,SegY: 0.396692
Iter 33 of 40 loss 1.0214, Img 0.0582,  Label 0.241184, Reg: 0.010893, SegX: 0.176435,SegY: 0.204516
Iter 34 of 40 loss 1.3136, Img 0.0539,  Label 0.209856, Reg: 0.011376, SegX: 0.371769,SegY: 0.362171
Iter 35 of 40 loss 0.9318, Img 0.0552,  Label 0.212808, Reg: 0.014122, SegX: 0.159899,SegY: 0.183758
Iter 36 of 40 loss 1.3667, Img 0.0581,  Label 0.244492, Reg: 0.013610, SegX: 0.361131,SegY: 0.340924
Iter 37 of 40 loss 1.0099, Img 0.0527,  Label 0.141964, Reg: 0.017120, SegX: 0.292621,SegY: 0.270808
Iter 38 of 40 loss 0.9268, Img 0.0610,  Label 0.162423, Reg: 0.016216, SegX: 0.217430,SegY: 0.247894
Iter 39 of 40 loss 0.9506, Img 0.0661,  Label 0.181029, Reg: 0.013893, SegX: 0.188639,SegY: 0.220345
Iter 40 of 40 loss 0.8941, Img 0.0629,  Label 0.104917, Reg: 0.013636, SegX: 0.252965,SegY: 0.256167
Epoch 0 loss 1.2153
0.8521111607551575
0.8489862382411957
0.8650148709615072
0.8783049434423447
0.8708417177200317
0.8699885308742523
0.8680164217948914
0.8714485466480255
0.8704419798321195
0.8727487862110138
0.8629145297137174
0.8616572320461273
0.8596805471640366
0.85533749631473
0.8531381130218506
0.8537123203277588
0.8520331487936132
0.8528209659788344
0.8511011192673131
0.8536894917488098
0.8515463386263166
0.8526086834343997
0.8510385337083236
0.8537651027242342
0.8557687211036682
0.8571465909481049
0.8564048961356834
0.8552999879632678
0.8545926644884306
0.8525491376717885
0.8517691454579753
0.8506734296679497
0.8506024443742001
Training Starts
Iter 1 of 40 loss 0.8626, Img 0.0629,  Label 0.093218, Reg: 0.013989, SegX: 0.247851,SegY: 0.250382
Iter 2 of 40 loss 0.9364, Img 0.0795,  Label 0.112404, Reg: 0.014372, SegX: 0.243879,SegY: 0.224427
Iter 3 of 40 loss 1.0720, Img 0.1008,  Label 0.137112, Reg: 0.013569, SegX: 0.264692,SegY: 0.228411
Iter 4 of 40 loss 0.7772, Img 0.0494,  Label 0.113482, Reg: 0.013528, SegX: 0.203361,SegY: 0.220281
Iter 5 of 40 loss 0.8806, Img 0.0604,  Label 0.174039, Reg: 0.014104, SegX: 0.173438,SegY: 0.192728
Iter 6 of 40 loss 0.8288, Img 0.0658,  Label 0.090207, Reg: 0.012801, SegX: 0.220861,SegY: 0.227469
Iter 7 of 40 loss 0.7764, Img 0.0735,  Label 0.104163, Reg: 0.013328, SegX: 0.185310,SegY: 0.186547
Iter 8 of 40 loss 0.9083, Img 0.0572,  Label 0.233986, Reg: 0.014589, SegX: 0.130109,SegY: 0.157072
Iter 9 of 40 loss 1.2872, Img 0.0725,  Label 0.201169, Reg: 0.011897, SegX: 0.373741,SegY: 0.374622
Iter 10 of 40 loss 1.0724, Img 0.0758,  Label 0.121736, Reg: 0.015524, SegX: 0.308576,SegY: 0.308958
Iter 11 of 40 loss 1.1194, Img 0.0595,  Label 0.132363, Reg: 0.011899, SegX: 0.354813,SegY: 0.351740
Iter 12 of 40 loss 0.7888, Img 0.0592,  Label 0.123033, Reg: 0.013010, SegX: 0.204724,SegY: 0.206344
Iter 13 of 40 loss 1.0134, Img 0.0645,  Label 0.159095, Reg: 0.012199, SegX: 0.286052,SegY: 0.287284
Iter 14 of 40 loss 1.2901, Img 0.0497,  Label 0.234019, Reg: 0.013121, SegX: 0.335367,SegY: 0.324948
Iter 15 of 40 loss 1.3505, Img 0.0745,  Label 0.195951, Reg: 0.011823, SegX: 0.389788,SegY: 0.324380
Iter 16 of 40 loss 0.8857, Img 0.0566,  Label 0.215777, Reg: 0.015007, SegX: 0.134991,SegY: 0.131023
Iter 17 of 40 loss 0.9486, Img 0.0509,  Label 0.160953, Reg: 0.016804, SegX: 0.258355,SegY: 0.239895
Iter 18 of 40 loss 0.7814, Img 0.0595,  Label 0.139458, Reg: 0.013231, SegX: 0.156818,SegY: 0.189299
Iter 19 of 40 loss 0.9391, Img 0.0858,  Label 0.140175, Reg: 0.014924, SegX: 0.199123,SegY: 0.218612
Training Starts
Training Starts
Iter 1 of 40 loss 1.4758, Img 0.0770,  Label 0.212215, Reg: 0.000000, SegX: 0.459267,SegY: 0.438114
Iter 2 of 40 loss 1.1616, Img 0.0972,  Label 0.112860, Reg: 0.000196, SegX: 0.378563,SegY: 0.359274
Iter 3 of 40 loss 1.4948, Img 0.1011,  Label 0.202793, Reg: 0.000206, SegX: 0.453303,SegY: 0.431729
Iter 4 of 40 loss 1.2609, Img 0.0525,  Label 0.155572, Reg: 0.000516, SegX: 0.423667,SegY: 0.412667
Training Starts
Iter 1 of 40 loss 1.2351, Img 0.0642,  Label 0.277557, Reg: 0.000000, SegX: 0.306963,SegY: 0.308911
Iter 2 of 40 loss 1.2877, Img 0.1332,  Label 0.196118, Reg: 0.000006, SegX: 0.401559,SegY: 0.360716
Iter 3 of 40 loss 1.1608, Img 0.0668,  Label 0.106257, Reg: 0.000015, SegX: 0.447436,SegY: 0.433993
Iter 4 of 40 loss 1.3823, Img 0.0767,  Label 0.212238, Reg: 0.000024, SegX: 0.452597,SegY: 0.428747
Iter 5 of 40 loss 1.1802, Img 0.0768,  Label 0.219811, Reg: 0.000040, SegX: 0.330954,SegY: 0.332652
Iter 6 of 40 loss 1.2506, Img 0.0637,  Label 0.201292, Reg: 0.000060, SegX: 0.406354,SegY: 0.377673
Iter 7 of 40 loss 1.3856, Img 0.0724,  Label 0.239227, Reg: 0.000083, SegX: 0.433341,SegY: 0.399915
Iter 8 of 40 loss 1.1725, Img 0.0780,  Label 0.147487, Reg: 0.000105, SegX: 0.414334,SegY: 0.385248
Iter 9 of 40 loss 1.1884, Img 0.0978,  Label 0.148302, Reg: 0.000133, SegX: 0.405372,SegY: 0.387302
Iter 10 of 40 loss 1.6163, Img 0.0939,  Label 0.322137, Reg: 0.000183, SegX: 0.459870,SegY: 0.418233
Iter 11 of 40 loss 1.1520, Img 0.0633,  Label 0.168841, Reg: 0.000244, SegX: 0.386675,SegY: 0.364526
Iter 12 of 40 loss 1.4534, Img 0.1156,  Label 0.266808, Reg: 0.000263, SegX: 0.399736,SegY: 0.403916
Iter 13 of 40 loss 1.1696, Img 0.0900,  Label 0.171594, Reg: 0.000357, SegX: 0.382063,SegY: 0.352503
Iter 14 of 40 loss 1.0448, Img 0.0676,  Label 0.140152, Reg: 0.000381, SegX: 0.355431,SegY: 0.340539
Iter 15 of 40 loss 1.1725, Img 0.0690,  Label 0.190465, Reg: 0.000533, SegX: 0.372444,SegY: 0.347238
Iter 16 of 40 loss 1.0975, Img 0.0531,  Label 0.133487, Reg: 0.000609, SegX: 0.390500,SegY: 0.383480
Iter 17 of 40 loss 0.8873, Img 0.0595,  Label 0.084597, Reg: 0.000654, SegX: 0.321900,SegY: 0.334557
Iter 18 of 40 loss 1.1720, Img 0.0619,  Label 0.196425, Reg: 0.000598, SegX: 0.361752,SegY: 0.354326
Iter 19 of 40 loss 1.1554, Img 0.0979,  Label 0.137531, Reg: 0.000673, SegX: 0.391805,SegY: 0.389807
Iter 20 of 40 loss 1.3180, Img 0.1005,  Label 0.197371, Reg: 0.000773, SegX: 0.420997,SegY: 0.397875
Iter 21 of 40 loss 0.9510, Img 0.0821,  Label 0.110525, Reg: 0.000847, SegX: 0.324593,SegY: 0.318890
Iter 22 of 40 loss 1.1025, Img 0.1006,  Label 0.170722, Reg: 0.000797, SegX: 0.321526,SegY: 0.332506
Iter 23 of 40 loss 1.1805, Img 0.0781,  Label 0.181573, Reg: 0.001030, SegX: 0.372269,SegY: 0.365929
Iter 24 of 40 loss 0.9808, Img 0.0922,  Label 0.129398, Reg: 0.001028, SegX: 0.319605,SegY: 0.303321
Iter 25 of 40 loss 1.1113, Img 0.0653,  Label 0.186909, Reg: 0.001211, SegX: 0.341182,SegY: 0.322705
Iter 26 of 40 loss 1.2672, Img 0.0535,  Label 0.199135, Reg: 0.001109, SegX: 0.416560,SegY: 0.383742
Iter 27 of 40 loss 0.9505, Img 0.0573,  Label 0.121062, Reg: 0.001323, SegX: 0.321894,SegY: 0.330123
Iter 28 of 40 loss 0.8899, Img 0.0732,  Label 0.117133, Reg: 0.001419, SegX: 0.282468,SegY: 0.300384
Iter 29 of 40 loss 1.0586, Img 0.0778,  Label 0.161746, Reg: 0.001681, SegX: 0.318210,SegY: 0.314836
Iter 30 of 40 loss 1.2960, Img 0.1500,  Label 0.211059, Reg: 0.001676, SegX: 0.361228,SegY: 0.358758
Iter 31 of 40 loss 1.2352, Img 0.0738,  Label 0.170819, Reg: 0.002019, SegX: 0.409113,SegY: 0.400076
Iter 32 of 40 loss 1.0408, Img 0.0671,  Label 0.260228, Reg: 0.001972, SegX: 0.225795,SegY: 0.231316
Iter 33 of 40 loss 1.3322, Img 0.0673,  Label 0.228368, Reg: 0.002386, SegX: 0.395576,SegY: 0.383362
Iter 34 of 40 loss 1.2408, Img 0.1024,  Label 0.181895, Reg: 0.002622, SegX: 0.391553,SegY: 0.376983
Iter 35 of 40 loss 1.0367, Img 0.0659,  Label 0.271212, Reg: 0.002420, SegX: 0.209418,SegY: 0.218789
Iter 36 of 40 loss 1.2738, Img 0.1450,  Label 0.199165, Reg: 0.002487, SegX: 0.357474,SegY: 0.358513
Iter 37 of 40 loss 0.8498, Img 0.0961,  Label 0.096161, Reg: 0.002684, SegX: 0.278951,SegY: 0.276780
Iter 38 of 40 loss 0.9400, Img 0.0723,  Label 0.122866, Reg: 0.002990, SegX: 0.306224,SegY: 0.306071
Iter 39 of 40 loss 0.9216, Img 0.0703,  Label 0.170143, Reg: 0.003048, SegX: 0.257180,SegY: 0.250043
Iter 40 of 40 loss 1.2791, Img 0.0798,  Label 0.181781, Reg: 0.003282, SegX: 0.413804,SegY: 0.409281
Epoch 0 loss 1.1605
0.8317151665687561
0.8478145897388458
0.862488587697347
0.8684000372886658
0.8495370030403138
0.8448316951592764
0.8450000030653817
0.8512358218431473
0.8483983874320984
0.8548181235790253
0.8502536632797935
0.8525552501281103
0.8509265092703012
